<?xml version="1.0" encoding="UTF-8"?>
<!-- Generated by org.testng.reporters.JUnitReportReporter -->
<testsuite hostname="DESKTOP-5GFQOGL" failures="0" tests="7" name="com.training.sanity.tests.MXvdesiTests" time="49.200" errors="0" timestamp="2023-04-13T00:09:16 IST" skipped="0">
  <testcase classname="com.training.sanity.tests.MXvdesiTests" name="TC_158_TC_159" time="3.524"/>
  <system-out/>
  <testcase classname="com.training.sanity.tests.MXvdesiTests" name="TC_160_TC_161" time="15.785"/>
  <system-out/>
  <testcase classname="com.training.sanity.tests.MXvdesiTests" name="TC_167" time="6.757"/>
  <system-out/>
  <testcase classname="com.training.sanity.tests.MXvdesiTests" name="TC_169" time="1.259"/>
  <system-out/>
  <testcase classname="com.training.sanity.tests.MXvdesiTests" name="TC_173" time="6.322"/>
  <system-out/>
  <testcase classname="com.training.sanity.tests.MXvdesiTests" name="TC_171" time="5.308"/>
  <system-out/>
  <testcase classname="com.training.sanity.tests.MXvdesiTests" name="TC_175" time="10.245"/>
  <system-out/>
</testsuite> <!-- com.training.sanity.tests.MXvdesiTests -->
